e:\work\robotic_grasp\robotic_grasp\robotic_grasp\x64\release\vc142.pdb
e:\work\robotic_grasp\robotic_grasp\robotic_grasp\x64\release\main.obj
e:\work\robotic_grasp\robotic_grasp\robotic_grasp\x64\release\ur_sdk.obj
e:\work\robotic_grasp\robotic_grasp\robotic_grasp\x64\release\robotic_calibration.obj
e:\work\robotic_grasp\robotic_grasp\robotic_grasp\x64\release\realsense_camera.obj
e:\work\robotic_grasp\robotic_grasp\robotic_grasp\x64\release\joint_space_control.obj
e:\work\robotic_grasp\robotic_grasp\robotic_grasp\x64\release\data_logger.obj
e:\work\robotic_grasp\robotic_grasp\robotic_grasp\x64\release\cartesian_space_track_ur.obj
e:\work\robotic_grasp\robotic_grasp\robotic_grasp\x64\release\camera.obj
e:\work\robotic_grasp\robotic_grasp\robotic_grasp\x64\release\abstract_controller_ur.obj
e:\work\robotic_grasp\robotic_grasp\x64\release\robotic_grasp.dll
e:\work\robotic_grasp\robotic_grasp\robotic_grasp\x64\release\robotic_grasp.ipdb
e:\work\robotic_grasp\robotic_grasp\robotic_grasp\x64\release\robotic_grasp.iobj
e:\work\robotic_grasp\robotic_grasp\x64\release\robotic_grasp.pdb
e:\work\robotic_grasp\robotic_grasp\x64\release\robotic_grasp.lib
e:\work\robotic_grasp\robotic_grasp\x64\release\robotic_grasp.exp
e:\work\robotic_grasp\robotic_grasp\x64\release\boost_serialization-vc142-mt-x64-1_79.dll
e:\work\robotic_grasp\robotic_grasp\x64\release\boost_thread-vc142-mt-x64-1_79.dll
e:\work\robotic_grasp\robotic_grasp\robotic_grasp\x64\release\robotic_grasp.tlog\cl.command.1.tlog
e:\work\robotic_grasp\robotic_grasp\robotic_grasp\x64\release\robotic_grasp.tlog\cl.read.1.tlog
e:\work\robotic_grasp\robotic_grasp\robotic_grasp\x64\release\robotic_grasp.tlog\cl.write.1.tlog
e:\work\robotic_grasp\robotic_grasp\robotic_grasp\x64\release\robotic_grasp.tlog\link.command.1.tlog
e:\work\robotic_grasp\robotic_grasp\robotic_grasp\x64\release\robotic_grasp.tlog\link.read.1.tlog
e:\work\robotic_grasp\robotic_grasp\robotic_grasp\x64\release\robotic_grasp.tlog\link.write.1.tlog
e:\work\robotic_grasp\robotic_grasp\robotic_grasp\x64\release\robotic_grasp.tlog\robotic_grasp.write.1u.tlog
