  demo_tracking.cpp
  Please define _WIN32_WINNT or _WIN32_WINDOWS appropriately. For example:
  - add -D_WIN32_WINNT=0x0601 to the compiler command line; or
  - add _WIN32_WINNT=0x0601 to your project's Preprocessor Definitions.
  Assuming _WIN32_WINNT=0x0601 (i.e. Windows 7 target).
C:\src\vcpkg\installed\x64-windows\include\boost\bind.hpp(41): message : The practice of declaring the Bind placeholders (_1, _2, ...) in the global namespace is deprecated. Please use <boost/bind/bind.hpp> + using namespace boost::placeholders, or define BOOST_BIND_GLOBAL_PLACEHOLDERS to retain the current behavior.
C:\3rdparties\eigen\Eigen\src\Core\arch\CUDA\Half.h(1,1): warning C4819: 该文件包含不能在当前代码页(936)中表示的字符。请将该文件保存为 Unicode 格式以防止数据丢失
C:\Program Files (x86)\Intel RealSense SDK 2.0\include\librealsense2\h\rs_option.h(1,1): warning C4819: 该文件包含不能在当前代码页(936)中表示的字符。请将该文件保存为 Unicode 格式以防止数据丢失
  realsense_track.cpp
C:\Program Files (x86)\Intel RealSense SDK 2.0\include\librealsense2\h\rs_option.h(1,1): warning C4819: 该文件包含不能在当前代码页(936)中表示的字符。请将该文件保存为 Unicode 格式以防止数据丢失
E:\WORK\robotic_grasp\robotic_grasp\demo_tracking\realsense_track.cpp(119,64): warning C4244: “参数”: 从“_Tp”转换到“int”，可能丢失数据
          with
          [
              _Tp=float
          ]
E:\WORK\robotic_grasp\robotic_grasp\demo_tracking\realsense_track.cpp(119,58): warning C4244: “参数”: 从“_Tp”转换到“int”，可能丢失数据
          with
          [
              _Tp=float
          ]
E:\WORK\robotic_grasp\robotic_grasp\demo_tracking\realsense_track.cpp(125,42): warning C4244: “参数”: 从“_Tp”转换到“_Tp”，可能丢失数据
          with
          [
              _Tp=float
          ]
          and
          [
              _Tp=int
          ]
E:\WORK\robotic_grasp\robotic_grasp\demo_tracking\realsense_track.cpp(125,36): warning C4244: “参数”: 从“_Tp”转换到“_Tp”，可能丢失数据
          with
          [
              _Tp=float
          ]
          and
          [
              _Tp=int
          ]
E:\WORK\robotic_grasp\robotic_grasp\demo_tracking\realsense_track.cpp(125,49): warning C4244: “参数”: 从“_Tp”转换到“int”，可能丢失数据
          with
          [
              _Tp=float
          ]
E:\WORK\robotic_grasp\robotic_grasp\demo_tracking\realsense_track.cpp(126,42): warning C4244: “参数”: 从“_Tp”转换到“_Tp”，可能丢失数据
          with
          [
              _Tp=float
          ]
          and
          [
              _Tp=int
          ]
E:\WORK\robotic_grasp\robotic_grasp\demo_tracking\realsense_track.cpp(126,36): warning C4244: “参数”: 从“_Tp”转换到“_Tp”，可能丢失数据
          with
          [
              _Tp=float
          ]
          and
          [
              _Tp=int
          ]
E:\WORK\robotic_grasp\robotic_grasp\demo_tracking\realsense_track.cpp(127,74): warning C4244: “参数”: 从“double”转换到“_Tp”，可能丢失数据
          with
          [
              _Tp=int
          ]
E:\WORK\robotic_grasp\robotic_grasp\demo_tracking\realsense_track.cpp(127,52): warning C4244: “参数”: 从“double”转换到“_Tp”，可能丢失数据
          with
          [
              _Tp=int
          ]
E:\WORK\robotic_grasp\robotic_grasp\demo_tracking\realsense_track.cpp(128,74): warning C4244: “参数”: 从“double”转换到“_Tp”，可能丢失数据
          with
          [
              _Tp=int
          ]
E:\WORK\robotic_grasp\robotic_grasp\demo_tracking\realsense_track.cpp(128,52): warning C4244: “参数”: 从“double”转换到“_Tp”，可能丢失数据
          with
          [
              _Tp=int
          ]
E:\WORK\robotic_grasp\robotic_grasp\demo_tracking\realsense_track.cpp(129,74): warning C4244: “参数”: 从“double”转换到“_Tp”，可能丢失数据
          with
          [
              _Tp=int
          ]
E:\WORK\robotic_grasp\robotic_grasp\demo_tracking\realsense_track.cpp(129,52): warning C4244: “参数”: 从“double”转换到“_Tp”，可能丢失数据
          with
          [
              _Tp=int
          ]
E:\WORK\robotic_grasp\robotic_grasp\demo_tracking\realsense_track.cpp(130,74): warning C4244: “参数”: 从“double”转换到“_Tp”，可能丢失数据
          with
          [
              _Tp=int
          ]
E:\WORK\robotic_grasp\robotic_grasp\demo_tracking\realsense_track.cpp(130,52): warning C4244: “参数”: 从“double”转换到“_Tp”，可能丢失数据
          with
          [
              _Tp=int
          ]
    正在创建库 E:\WORK\robotic_grasp\robotic_grasp\x64\Release\demo_tracking.lib 和对象 E:\WORK\robotic_grasp\robotic_grasp\x64\Release\demo_tracking.exp
  正在生成代码
  Previous IPDB not found, fall back to full compilation.
  All 3327 functions were compiled because no usable IPDB/IOBJ from previous compilation was found.
  已完成代码的生成
  demo_tracking.vcxproj -> E:\WORK\robotic_grasp\robotic_grasp\x64\Release\demo_tracking.exe
